Dec-15 13:27:51.402 [main] DEBUG nextflow.cli.Launcher - $> nextflow run main.nf -profile local
Dec-15 13:27:51.514 [main] INFO  nextflow.cli.CmdRun - N E X T F L O W  ~  version 23.10.0
Dec-15 13:27:51.538 [main] DEBUG nextflow.plugin.PluginsFacade - Setting up plugin manager > mode=prod; embedded=false; plugins-dir=/homes/vishnu/.nextflow/plugins; core-plugins: nf-amazon@2.1.4,nf-azure@1.3.2,nf-cloudcache@0.3.0,nf-codecommit@0.1.5,nf-console@1.0.6,nf-ga4gh@1.1.0,nf-google@1.8.3,nf-tower@1.6.3,nf-wave@1.0.0
Dec-15 13:27:51.549 [main] INFO  o.pf4j.DefaultPluginStatusProvider - Enabled plugins: []
Dec-15 13:27:51.550 [main] INFO  o.pf4j.DefaultPluginStatusProvider - Disabled plugins: []
Dec-15 13:27:51.554 [main] INFO  org.pf4j.DefaultPluginManager - PF4J version 3.4.1 in 'deployment' mode
Dec-15 13:27:51.566 [main] INFO  org.pf4j.AbstractPluginManager - No plugins
Dec-15 13:27:51.582 [main] DEBUG nextflow.config.ConfigBuilder - Found config local: /homes/vishnu/mmgps_pulsar_followup/nextflow.config
Dec-15 13:27:51.583 [main] DEBUG nextflow.config.ConfigBuilder - Parsing config file: /homes/vishnu/mmgps_pulsar_followup/nextflow.config
Dec-15 13:27:51.604 [main] DEBUG nextflow.config.ConfigBuilder - Applying config profile: `local`
Dec-15 13:27:52.340 [main] DEBUG nextflow.config.ConfigBuilder - Available config profiles: [condor, local]
Dec-15 13:27:52.373 [main] DEBUG nextflow.cli.CmdRun - Applied DSL=2 from script declararion
Dec-15 13:27:52.399 [main] INFO  nextflow.cli.CmdRun - Launching `main.nf` [nice_franklin] DSL2 - revision: 9fd1856d80
Dec-15 13:27:52.399 [main] DEBUG nextflow.plugin.PluginsFacade - Plugins default=[]
Dec-15 13:27:52.399 [main] DEBUG nextflow.plugin.PluginsFacade - Plugins resolved requirement=[]
Dec-15 13:27:52.412 [main] DEBUG n.secret.LocalSecretsProvider - Secrets store: /homes/vishnu/.nextflow/secrets/store.json
Dec-15 13:27:52.416 [main] DEBUG nextflow.secret.SecretsLoader - Discovered secrets providers: [nextflow.secret.LocalSecretsProvider@2fcd7d3f] - activable => nextflow.secret.LocalSecretsProvider@2fcd7d3f
Dec-15 13:27:52.495 [main] DEBUG nextflow.Session - Session UUID: f87e309d-1f63-40d9-9954-5487bf628ef6
Dec-15 13:27:52.495 [main] DEBUG nextflow.Session - Run name: nice_franklin
Dec-15 13:27:52.496 [main] DEBUG nextflow.Session - Executor pool size: 24
Dec-15 13:27:52.506 [main] DEBUG nextflow.file.FilePorter - File porter settings maxRetries=3; maxTransfers=50; pollTimeout=null
Dec-15 13:27:52.511 [main] DEBUG nextflow.util.ThreadPoolBuilder - Creating thread pool 'FileTransfer' minSize=10; maxSize=72; workQueue=LinkedBlockingQueue[10000]; allowCoreThreadTimeout=false
Dec-15 13:27:52.566 [main] DEBUG nextflow.cli.CmdRun - 
  Version: 23.10.0 build 5889
  Created: 15-10-2023 15:07 UTC (17:07 SAST)
  System: Linux 4.9.0-7-amd64
  Runtime: Groovy 3.0.19 on OpenJDK 64-Bit Server VM 17.0.6+10
  Encoding: UTF-8 (ANSI_X3.4-1968)
  Process: 26032@apspn02 [10.98.76.152]
  CPUs: 24 - Mem: 93 GB (84.1 GB) - Swap: 32 GB (32 GB)
Dec-15 13:27:52.596 [main] DEBUG nextflow.Session - Work-dir: /homes/vishnu/mmgps_pulsar_followup/work [nfs]
Dec-15 13:27:52.597 [main] DEBUG nextflow.Session - Script base path does not exist or is not a directory: /homes/vishnu/mmgps_pulsar_followup/bin
Dec-15 13:27:52.609 [main] DEBUG nextflow.executor.ExecutorFactory - Extension executors providers=[]
Dec-15 13:27:52.621 [main] DEBUG nextflow.Session - Observer factory: DefaultObserverFactory
Dec-15 13:27:52.653 [main] DEBUG nextflow.cache.CacheFactory - Using Nextflow cache factory: nextflow.cache.DefaultCacheFactory
Dec-15 13:27:52.667 [main] DEBUG nextflow.util.CustomThreadPool - Creating default thread pool > poolSize: 25; maxThreads: 1000
Dec-15 13:27:52.751 [main] DEBUG nextflow.Session - Session start
Dec-15 13:27:53.157 [main] DEBUG nextflow.script.ScriptRunner - > Launching execution
Dec-15 13:27:53.270 [main] DEBUG nextflow.executor.ExecutorFactory - << taskConfig executor: local
Dec-15 13:27:53.270 [main] DEBUG nextflow.executor.ExecutorFactory - >> processorType: 'local'
Dec-15 13:27:53.277 [main] DEBUG nextflow.executor.Executor - [warm up] executor > local
Dec-15 13:27:53.283 [main] DEBUG n.processor.LocalPollingMonitor - Creating local task monitor for executor 'local' > cpus=24; memory=93 GB; capacity=24; pollInterval=100ms; dumpInterval=5m
Dec-15 13:27:53.286 [main] DEBUG n.processor.TaskPollingMonitor - >>> barrier register (monitor: local)
Dec-15 13:27:53.439 [main] DEBUG nextflow.script.ProcessConfig - Config settings `withLabel:filtool` matches labels `filtool` for process with name filtool
Dec-15 13:27:53.442 [main] DEBUG nextflow.executor.ExecutorFactory - << taskConfig executor: local
Dec-15 13:27:53.443 [main] DEBUG nextflow.executor.ExecutorFactory - >> processorType: 'local'
Dec-15 13:27:53.453 [main] DEBUG nextflow.executor.ExecutorFactory - << taskConfig executor: local
Dec-15 13:27:53.453 [main] DEBUG nextflow.executor.ExecutorFactory - >> processorType: 'local'
Dec-15 13:27:53.461 [main] DEBUG nextflow.script.ProcessConfig - Config settings `withLabel:peasoup` matches labels `peasoup` for process with name peasoup
Dec-15 13:27:53.463 [main] DEBUG nextflow.executor.ExecutorFactory - << taskConfig executor: local
Dec-15 13:27:53.463 [main] DEBUG nextflow.executor.ExecutorFactory - >> processorType: 'local'
Dec-15 13:27:53.471 [main] DEBUG nextflow.Session - Workflow process names [dsl2]: filtool, peasoup, query_db, nearest_power_of_two_calculator
Dec-15 13:27:53.471 [main] DEBUG nextflow.Session - Igniting dataflow network (4)
Dec-15 13:27:53.472 [main] DEBUG nextflow.processor.TaskProcessor - Starting process > query_db
Dec-15 13:27:53.473 [main] DEBUG nextflow.processor.TaskProcessor - Starting process > filtool
Dec-15 13:27:53.473 [main] DEBUG nextflow.processor.TaskProcessor - Starting process > nearest_power_of_two_calculator
Dec-15 13:27:53.473 [main] DEBUG nextflow.processor.TaskProcessor - Starting process > peasoup
Dec-15 13:27:53.474 [main] DEBUG nextflow.script.ScriptRunner - Parsed script files:
  Script_f0f13526a0838dab: /homes/vishnu/mmgps_pulsar_followup/main.nf
Dec-15 13:27:53.474 [main] DEBUG nextflow.script.ScriptRunner - > Awaiting termination 
Dec-15 13:27:53.474 [main] DEBUG nextflow.Session - Session await
Dec-15 13:27:53.626 [Task submitter] DEBUG n.executor.local.LocalTaskHandler - Launch cmd line: /bin/bash -ue .command.run
Dec-15 13:27:53.629 [Task submitter] INFO  nextflow.Session - [db/b9cad7] Submitted process > query_db
Dec-15 13:28:06.392 [Task monitor] DEBUG n.processor.TaskPollingMonitor - Task completed > TaskHandler[id: 1; name: query_db; status: COMPLETED; exit: 0; error: -; workDir: /homes/vishnu/mmgps_pulsar_followup/work/db/b9cad732430f7f72e1abd36fcac54e]
Dec-15 13:28:06.447 [Task submitter] DEBUG n.executor.local.LocalTaskHandler - Launch cmd line: /bin/bash -ue .command.run
Dec-15 13:28:06.448 [Task submitter] INFO  nextflow.Session - [f1/18a88a] Submitted process > filtool (1)
Dec-15 13:28:08.571 [SIGINT handler] DEBUG nextflow.Session - Session aborted -- Cause: SIGINT
Dec-15 13:28:08.585 [SIGINT handler] DEBUG nextflow.Session - The following nodes are still active:
[process] nearest_power_of_two_calculator
  status=ACTIVE
  port 0: (queue) OPEN  ; channel: fil_file
  port 1: (cntrl) -     ; channel: $

[process] peasoup
  status=ACTIVE
  port 0: (queue) OPEN  ; channel: fil_file
  port 1: (value) bound ; channel: dm_file
  port 2: (queue) OPEN  ; channel: fft_size
  port 3: (value) bound ; channel: total_cands_limit
  port 4: (value) bound ; channel: min_snr
  port 5: (value) bound ; channel: acc_start
  port 6: (value) bound ; channel: acc_end
  port 7: (value) bound ; channel: ram_limit_gb
  port 8: (value) bound ; channel: nh
  port 9: (value) bound ; channel: ngpus
  port 10: (cntrl) -     ; channel: $

Dec-15 13:28:08.587 [main] DEBUG nextflow.Session - Session await > all processes finished
Dec-15 13:28:08.587 [main] DEBUG nextflow.Session - Session await > all barriers passed
Dec-15 13:28:08.587 [Task monitor] DEBUG n.processor.TaskPollingMonitor - <<< barrier arrives (monitor: local) - terminating tasks monitor poll loop
Dec-15 13:28:08.592 [main] WARN  n.processor.TaskPollingMonitor - Killing running tasks (1)
Dec-15 13:28:08.604 [main] DEBUG n.trace.WorkflowStatsObserver - Workflow completed > WorkflowStats[succeededCount=1; failedCount=0; ignoredCount=0; cachedCount=0; pendingCount=0; submittedCount=0; runningCount=0; retriesCount=0; abortedCount=1; succeedDuration=12.7s; failedDuration=0ms; cachedDuration=0ms;loadCpus=0; loadMemory=0; peakRunning=1; peakCpus=6; peakMemory=50 GB; ]
Dec-15 13:28:08.612 [main] DEBUG nextflow.cache.CacheDB - Closing CacheDB done
Dec-15 13:28:08.628 [main] DEBUG nextflow.script.ScriptRunner - > Execution complete -- Goodbye
